[debug] [2024-04-11T09:05:49.097Z] ----------------------------------------------------------------------
[debug] [2024-04-11T09:05:49.099Z] Command:       /usr/local/bin/node /usr/local/bin/firebase init
[debug] [2024-04-11T09:05:49.099Z] CLI Version:   13.7.1
[debug] [2024-04-11T09:05:49.099Z] Platform:      darwin
[debug] [2024-04-11T09:05:49.099Z] Node Version:  v20.11.1
[debug] [2024-04-11T09:05:49.099Z] Time:          Thu Apr 11 2024 12:05:49 GMT+0300 (Arabian Standard Time)
[debug] [2024-04-11T09:05:49.099Z] ----------------------------------------------------------------------
[debug] 
[debug] [2024-04-11T09:05:49.101Z] > command requires scopes: ["email","openid","https://www.googleapis.com/auth/cloudplatformprojects.readonly","https://www.googleapis.com/auth/firebase","https://www.googleapis.com/auth/cloud-platform"]
[debug] [2024-04-11T09:05:49.101Z] > authorizing via signed-in user (hello@builtinriyad.com)
[info] 
     ######## #### ########  ######## ########     ###     ######  ########
     ##        ##  ##     ## ##       ##     ##  ##   ##  ##       ##
     ######    ##  ########  ######   ########  #########  ######  ######
     ##        ##  ##    ##  ##       ##     ## ##     ##       ## ##
     ##       #### ##     ## ######## ########  ##     ##  ######  ########

You're about to initialize a Firebase project in this directory:

  /Users/ferasalmehisni/Documents/rallax

[info] 
=== Project Setup
[info] 
[info] First, let's associate this project directory with a Firebase project.
[info] You can create multiple project aliases by running firebase use --add, 
[info] but for now we'll just set up a default project.
[info] 
[debug] [2024-04-11T09:06:19.731Z] >>> [apiv2][query] GET https://firebase.googleapis.com/v1beta1/projects pageSize=100
[debug] [2024-04-11T09:06:20.557Z] <<< [apiv2][status] GET https://firebase.googleapis.com/v1beta1/projects 200
[debug] [2024-04-11T09:06:20.558Z] <<< [apiv2][body] GET https://firebase.googleapis.com/v1beta1/projects [omitted]
[info] i  Using project rollax-83709 (Rollax) 
[info] 
=== Hosting Setup
[debug] [2024-04-11T09:06:24.155Z] >>> [apiv2][query] GET https://firebase.googleapis.com/v1beta1/projects/rollax-83709 [none]
[debug] [2024-04-11T09:06:24.496Z] <<< [apiv2][status] GET https://firebase.googleapis.com/v1beta1/projects/rollax-83709 200
[debug] [2024-04-11T09:06:24.497Z] <<< [apiv2][body] GET https://firebase.googleapis.com/v1beta1/projects/rollax-83709 {"projectId":"rollax-83709","projectNumber":"160775709984","displayName":"Rollax","name":"projects/rollax-83709","resources":{"hostingSite":"rollax-83709"},"state":"ACTIVE","etag":"1_4d94e7b3-b02d-48ca-821c-3ce82b2a7313"}
[info] 
[info] Your public directory is the folder (relative to your project directory) that
[info] will contain Hosting assets to be uploaded with firebase deploy. If you
[info] have a build process for your assets, use your build's output directory.
[info] 
[debug] [2024-04-11T09:07:09.423Z] >>> [apiv2][query] GET https://www.gstatic.com/firebasejs/releases.json [none]
[debug] [2024-04-11T09:07:09.784Z] <<< [apiv2][status] GET https://www.gstatic.com/firebasejs/releases.json 200
[debug] [2024-04-11T09:07:09.784Z] <<< [apiv2][body] GET https://www.gstatic.com/firebasejs/releases.json {"current":{"version":"10.10.0","browserURL":"https://www.gstatic.com/firebasejs/10.10.0/firebase.js","packageURL":"https://www.gstatic.com/firebasejs/10.10.0/firebase.tgz"},"live":{"version":"10.10","browserURL":"https://www.gstatic.com/firebasejs/live/10.10/firebase.js","packageURL":"https://www.gstatic.com/firebasejs/live/10.10/firebase.tgz"},"components":{"analytics":"https://www.gstatic.com/firebasejs/10.10.0/firebase-analytics.js","app":"https://www.gstatic.com/firebasejs/10.10.0/firebase-app.js","app-check":"https://www.gstatic.com/firebasejs/10.10.0/firebase-app-check.js","auth":"https://www.gstatic.com/firebasejs/10.10.0/firebase-auth.js","auth/cordova":"https://www.gstatic.com/firebasejs/10.10.0/firebase-auth/cordova.js","auth/web-extension":"https://www.gstatic.com/firebasejs/10.10.0/firebase-auth/web-extension.js","functions":"https://www.gstatic.com/firebasejs/10.10.0/firebase-functions.js","firestore":"https://www.gstatic.com/firebasejs/10.10.0/firebase-firestore.js","firestore/lite":"https://www.gstatic.com/firebasejs/10.10.0/firebase-firestore/lite.js","installations":"https://www.gstatic.com/firebasejs/10.10.0/firebase-installations.js","storage":"https://www.gstatic.com/firebasejs/10.10.0/firebase-storage.js","performance":"https://www.gstatic.com/firebasejs/10.10.0/firebase-performance.js","remote-config":"https://www.gstatic.com/firebasejs/10.10.0/firebase-remote-config.js","messaging":"https://www.gstatic.com/firebasejs/10.10.0/firebase-messaging.js","messaging/sw":"https://www.gstatic.com/firebasejs/10.10.0/firebase-messaging/sw.js","database":"https://www.gstatic.com/firebasejs/10.10.0/firebase-database.js","firestore.memory":"https://www.gstatic.com/firebasejs/10.10.0/firebase-firestore.memory.js"}}
[info] i  Skipping write of public/index.html 
[info] 
[info] i  Detected a .git folder at /Users/ferasalmehisni/Documents/rallax 
[info] i  Authorizing with GitHub to upload your service account to a GitHub repository's secrets store. 
[info] 
[info] Visit this URL on this device to log in:
[info] https://github.com/login/oauth/authorize?client_id=89cf50f02ac6aaed3484&state=908383644&redirect_uri=http%3A%2F%2Flocalhost%3A9005&scope=read%3Auser%20repo%20public_repo
[info] 
[info] Waiting for authentication...
[debug] [2024-04-11T09:07:35.857Z] >>> [apiv2][query] POST https://github.com/login/oauth/access_token [none]
[debug] [2024-04-11T09:07:35.858Z] >>> [apiv2][body] POST https://github.com/login/oauth/access_token [stream]
[debug] [2024-04-11T09:07:36.596Z] <<< [apiv2][status] POST https://github.com/login/oauth/access_token 200
[debug] [2024-04-11T09:07:36.596Z] <<< [apiv2][body] POST https://github.com/login/oauth/access_token {"access_token":"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","token_type":"bearer","scope":"read:user,repo"}
[debug] [2024-04-11T09:07:36.604Z] >>> [apiv2][query] GET https://api.github.com/user [none]
[debug] [2024-04-11T09:07:37.312Z] <<< [apiv2][status] GET https://api.github.com/user 200
[debug] [2024-04-11T09:07:37.312Z] <<< [apiv2][body] GET https://api.github.com/user {"login":"abshb","id":56011760,"node_id":"MDQ6VXNlcjU2MDExNzYw","avatar_url":"https://avatars.githubusercontent.com/u/56011760?v=4","gravatar_id":"","url":"https://api.github.com/users/abshb","html_url":"https://github.com/abshb","followers_url":"https://api.github.com/users/abshb/followers","following_url":"https://api.github.com/users/abshb/following{/other_user}","gists_url":"https://api.github.com/users/abshb/gists{/gist_id}","starred_url":"https://api.github.com/users/abshb/starred{/owner}{/repo}","subscriptions_url":"https://api.github.com/users/abshb/subscriptions","organizations_url":"https://api.github.com/users/abshb/orgs","repos_url":"https://api.github.com/users/abshb/repos","events_url":"https://api.github.com/users/abshb/events{/privacy}","received_events_url":"https://api.github.com/users/abshb/received_events","type":"User","site_admin":false,"name":null,"company":null,"blog":"","location":null,"email":null,"hireable":null,"bio":null,"twitter_username":null,"public_repos":2,"public_gists":0,"followers":0,"following":0,"created_at":"2019-10-01T03:21:05Z","updated_at":"2024-04-07T16:10:54Z","private_gists":0,"total_private_repos":0,"owned_private_repos":0,"disk_usage":277,"collaborators":0,"two_factor_authentication":false,"plan":{"name":"free","space":976562499,"collaborators":0,"private_repos":10000}}
[info] 
[info] ✔  Success! Logged into GitHub as abshb 
[info] 
[debug] [2024-04-11T09:07:50.148Z] >>> [apiv2][query] GET https://api.github.com/repos//actions/secrets/public-key type=owner
[debug] [2024-04-11T09:07:50.501Z] >>> [apiv2][query] GET https://api.github.com/repos//actions/secrets/public-key type=owner
[debug] [2024-04-11T09:07:51.156Z] <<< [apiv2][status] GET https://api.github.com/repos//actions/secrets/public-key 404
[debug] [2024-04-11T09:07:51.156Z] <<< [apiv2][body] GET https://api.github.com/repos//actions/secrets/public-key {"message":"Not Found","documentation_url":"https://docs.github.com/rest"}
[info] 
[info] 
[error] ⚠  The provided authorization cannot be used with this repository. If this repository is in an organization, did you remember to grant access? 
[info] 
[info] i  Action required: Visit this URL to ensure access has been granted to the appropriate organization(s) for the Firebase CLI GitHub OAuth App: 
[info] https://github.com/settings/connections/applications/89cf50f02ac6aaed3484
[info] 
[debug] [2024-04-11T09:07:51.165Z] <<< [apiv2][status] GET https://api.github.com/repos//actions/secrets/public-key 404
[debug] [2024-04-11T09:07:51.165Z] <<< [apiv2][body] GET https://api.github.com/repos//actions/secrets/public-key {"message":"Not Found","documentation_url":"https://docs.github.com/rest"}
[info] 
[info] 
[error] ⚠  The provided authorization cannot be used with this repository. If this repository is in an organization, did you remember to grant access? 
[info] 
[info] i  Action required: Visit this URL to ensure access has been granted to the appropriate organization(s) for the Firebase CLI GitHub OAuth App: 
[info] https://github.com/settings/connections/applications/89cf50f02ac6aaed3484
[info] 
[debug] [2024-04-11T09:08:29.170Z] >>> [apiv2][query] GET https://api.github.com/repos//actions/secrets/public-key type=owner
[debug] [2024-04-11T09:08:29.825Z] <<< [apiv2][status] GET https://api.github.com/repos//actions/secrets/public-key 404
[debug] [2024-04-11T09:08:29.826Z] <<< [apiv2][body] GET https://api.github.com/repos//actions/secrets/public-key {"message":"Not Found","documentation_url":"https://docs.github.com/rest"}
[info] 
[info] 
[error] ⚠  The provided authorization cannot be used with this repository. If this repository is in an organization, did you remember to grant access? 
[info] 
[info] i  Action required: Visit this URL to ensure access has been granted to the appropriate organization(s) for the Firebase CLI GitHub OAuth App: 
[info] https://github.com/settings/connections/applications/89cf50f02ac6aaed3484
[info] 
[debug] [2024-04-11T09:08:31.634Z] >>> [apiv2][query] GET https://api.github.com/repos/none/actions/secrets/public-key type=owner
[debug] [2024-04-11T09:08:32.021Z] <<< [apiv2][status] GET https://api.github.com/repos/none/actions/secrets/public-key 404
[debug] [2024-04-11T09:08:32.021Z] <<< [apiv2][body] GET https://api.github.com/repos/none/actions/secrets/public-key {"message":"Not Found","documentation_url":"https://docs.github.com/rest"}
[info] 
[info] 
[error] ⚠  The provided authorization cannot be used with this repository. If this repository is in an organization, did you remember to grant access? 
[info] 
[info] i  Action required: Visit this URL to ensure access has been granted to the appropriate organization(s) for the Firebase CLI GitHub OAuth App: 
[info] https://github.com/settings/connections/applications/89cf50f02ac6aaed3484
[info] 
